2022-12-16 23:43:24,220 DEBUG [main] InternalLoggerFactory:89 - Using Log4J as the default logging framework
2022-12-16 23:43:24,225 DEBUG [main] ResourceLeakDetector:129 - -Dio.netty.leakDetection.level: simple
2022-12-16 23:43:24,226 DEBUG [main] ResourceLeakDetector:130 - -Dio.netty.leakDetection.targetRecords: 4
2022-12-16 23:43:24,229 DEBUG [main] ResourceLeakDetectorFactory:196 - Loaded default ResourceLeakDetector: io.netty.util.ResourceLeakDetector@5ef6ae06
2022-12-16 23:43:24,242 DEBUG [main] PlatformDependent0:496 - -Dio.netty.noUnsafe: false
2022-12-16 23:43:24,242 DEBUG [main] PlatformDependent0:1000 - Java version: 15
2022-12-16 23:43:24,243 DEBUG [main] PlatformDependent0:137 - sun.misc.Unsafe.theUnsafe: available
2022-12-16 23:43:24,244 DEBUG [main] PlatformDependent0:161 - sun.misc.Unsafe.copyMemory: available
2022-12-16 23:43:24,244 DEBUG [main] PlatformDependent0:193 - sun.misc.Unsafe.storeFence: available
2022-12-16 23:43:24,245 DEBUG [main] PlatformDependent0:236 - java.nio.Buffer.address: available
2022-12-16 23:43:24,245 DEBUG [main] PlatformDependent0:320 - direct buffer constructor: unavailable: Reflective setAccessible(true) disabled
2022-12-16 23:43:24,246 DEBUG [main] PlatformDependent0:385 - java.nio.Bits.unaligned: available, true
2022-12-16 23:43:24,247 DEBUG [main] PlatformDependent0:452 - jdk.internal.misc.Unsafe.allocateUninitializedArray(int): unavailable: class io.netty.util.internal.PlatformDependent0$7 cannot access class jdk.internal.misc.Unsafe (in module java.base) because module java.base does not export jdk.internal.misc to unnamed module @7216fb24
2022-12-16 23:43:24,247 DEBUG [main] PlatformDependent0:482 - java.nio.DirectByteBuffer.<init>(long, int): unavailable
2022-12-16 23:43:24,248 DEBUG [main] PlatformDependent:1159 - sun.misc.Unsafe: available
2022-12-16 23:43:24,259 DEBUG [main] PlatformDependent:1270 - maxDirectMemory: 2107637760 bytes (maybe)
2022-12-16 23:43:24,260 DEBUG [main] PlatformDependent:1289 - -Dio.netty.tmpdir: C:\Users\Parth\AppData\Local\Temp (java.io.tmpdir)
2022-12-16 23:43:24,260 DEBUG [main] PlatformDependent:1368 - -Dio.netty.bitMode: 64 (sun.arch.data.model)
2022-12-16 23:43:24,261 DEBUG [main] PlatformDependent:1119 - Platform: Windows
2022-12-16 23:43:24,262 DEBUG [main] PlatformDependent:178 - -Dio.netty.maxDirectMemory: -1 bytes
2022-12-16 23:43:24,262 DEBUG [main] PlatformDependent:185 - -Dio.netty.uninitializedArrayAllocationThreshold: -1
2022-12-16 23:43:24,263 DEBUG [main] CleanerJava9:71 - java.nio.ByteBuffer.cleaner(): available
2022-12-16 23:43:24,263 DEBUG [main] PlatformDependent:205 - -Dio.netty.noPreferDirect: false
2022-12-16 23:43:24,269 DEBUG [main] PlatformDependent:1010 - org.jctools-core.MpscChunkedArrayQueue: available
2022-12-16 23:43:24,282 DEBUG [main] InternalThreadLocalMap:86 - -Dio.netty.threadLocalMap.stringBuilder.initialSize: 1024
2022-12-16 23:43:24,282 DEBUG [main] InternalThreadLocalMap:89 - -Dio.netty.threadLocalMap.stringBuilder.maxSize: 4096
2022-12-16 23:43:24,441 DEBUG [main] JdkSslContext:83 - Default protocols (JDK): [TLSv1.3, TLSv1.2, TLSv1.1, TLSv1] 
2022-12-16 23:43:24,441 DEBUG [main] JdkSslContext:84 - Default cipher suites (JDK): [TLS_ECDHE_ECDSA_WITH_AES_256_GCM_SHA384, TLS_ECDHE_ECDSA_WITH_AES_128_GCM_SHA256, TLS_ECDHE_RSA_WITH_AES_128_GCM_SHA256, TLS_ECDHE_RSA_WITH_AES_256_GCM_SHA384, TLS_ECDHE_RSA_WITH_AES_128_CBC_SHA, TLS_ECDHE_RSA_WITH_AES_256_CBC_SHA, TLS_RSA_WITH_AES_128_GCM_SHA256, TLS_RSA_WITH_AES_128_CBC_SHA, TLS_RSA_WITH_AES_256_CBC_SHA, TLS_AES_128_GCM_SHA256, TLS_AES_256_GCM_SHA384]
2022-12-16 23:43:24,458 DEBUG [main] MultithreadEventLoopGroup:44 - -Dio.netty.eventLoopThreads: 24
2022-12-16 23:43:24,464 DEBUG [main] NioEventLoop:110 - -Dio.netty.noKeySetOptimization: false
2022-12-16 23:43:24,464 DEBUG [main] NioEventLoop:111 - -Dio.netty.selectorAutoRebuildThreshold: 512
2022-12-16 23:43:24,501 DEBUG [main] PooledByteBufAllocator:157 - -Dio.netty.allocator.numHeapArenas: 24
2022-12-16 23:43:24,501 DEBUG [main] PooledByteBufAllocator:158 - -Dio.netty.allocator.numDirectArenas: 24
2022-12-16 23:43:24,502 DEBUG [main] PooledByteBufAllocator:160 - -Dio.netty.allocator.pageSize: 8192
2022-12-16 23:43:24,502 DEBUG [main] PooledByteBufAllocator:165 - -Dio.netty.allocator.maxOrder: 9
2022-12-16 23:43:24,502 DEBUG [main] PooledByteBufAllocator:169 - -Dio.netty.allocator.chunkSize: 4194304
2022-12-16 23:43:24,502 DEBUG [main] PooledByteBufAllocator:170 - -Dio.netty.allocator.smallCacheSize: 256
2022-12-16 23:43:24,503 DEBUG [main] PooledByteBufAllocator:171 - -Dio.netty.allocator.normalCacheSize: 64
2022-12-16 23:43:24,503 DEBUG [main] PooledByteBufAllocator:172 - -Dio.netty.allocator.maxCachedBufferCapacity: 32768
2022-12-16 23:43:24,503 DEBUG [main] PooledByteBufAllocator:173 - -Dio.netty.allocator.cacheTrimInterval: 8192
2022-12-16 23:43:24,503 DEBUG [main] PooledByteBufAllocator:174 - -Dio.netty.allocator.cacheTrimIntervalMillis: 0
2022-12-16 23:43:24,503 DEBUG [main] PooledByteBufAllocator:175 - -Dio.netty.allocator.useCacheForAllThreads: false
2022-12-16 23:43:24,504 DEBUG [main] PooledByteBufAllocator:176 - -Dio.netty.allocator.maxCachedByteBuffersPerChunk: 1023
2022-12-16 23:43:24,514 DEBUG [main] ByteBufUtil:87 - -Dio.netty.allocator.type: pooled
2022-12-16 23:43:24,514 DEBUG [main] ByteBufUtil:96 - -Dio.netty.threadLocalDirectBufferSize: 0
2022-12-16 23:43:24,514 DEBUG [main] ByteBufUtil:99 - -Dio.netty.maxThreadLocalCharBufferSize: 16384
2022-12-16 23:43:25,201 DEBUG [Forwarding newSession on session null to remote] DefaultChannelId:79 - -Dio.netty.processId: 27776 (auto-detected)
2022-12-16 23:43:25,203 DEBUG [Forwarding newSession on session null to remote] NetUtil:136 - -Djava.net.preferIPv4Stack: false
2022-12-16 23:43:25,203 DEBUG [Forwarding newSession on session null to remote] NetUtil:137 - -Djava.net.preferIPv6Addresses: false
2022-12-16 23:43:25,212 DEBUG [Forwarding newSession on session null to remote] NetUtilInitializations:129 - Loopback interface: lo (Software Loopback Interface 1, 127.0.0.1)
2022-12-16 23:43:25,212 DEBUG [Forwarding newSession on session null to remote] NetUtil:191 - Failed to get SOMAXCONN from sysctl and file \proc\sys\net\core\somaxconn. Default: 200
2022-12-16 23:43:25,234 DEBUG [Forwarding newSession on session null to remote] DefaultChannelId:101 - -Dio.netty.machineId: 7c:76:35:ff:fe:f4:74:64 (auto-detected)
2022-12-16 23:43:25,269 DEBUG [AsyncHttpClient-1-2] AbstractByteBuf:63 - -Dio.netty.buffer.checkAccessible: true
2022-12-16 23:43:25,269 DEBUG [AsyncHttpClient-1-2] AbstractByteBuf:64 - -Dio.netty.buffer.checkBounds: true
2022-12-16 23:43:25,269 DEBUG [AsyncHttpClient-1-2] ResourceLeakDetectorFactory:196 - Loaded default ResourceLeakDetector: io.netty.util.ResourceLeakDetector@5ebdab7d
2022-12-16 23:43:25,286 DEBUG [AsyncHttpClient-1-2] Recycler:85 - -Dio.netty.recycler.maxCapacityPerThread: 4096
2022-12-16 23:43:25,286 DEBUG [AsyncHttpClient-1-2] Recycler:86 - -Dio.netty.recycler.ratio: 8
2022-12-16 23:43:25,287 DEBUG [AsyncHttpClient-1-2] Recycler:87 - -Dio.netty.recycler.chunkSize: 32
2022-12-16 23:43:25,287 DEBUG [AsyncHttpClient-1-2] Recycler:88 - -Dio.netty.recycler.blocking: false
2022-12-16 23:43:27,389 DEBUG [AsyncHttpClient-1-2] Brotli:38 - brotli4j not in the classpath; Brotli support will be unavailable.
